This file contains any messages produced by compilers while
running configure, to aid debugging if configure makes a mistake.

It was created by configure, which was
generated by GNU Autoconf 2.61.  Invocation command line was

  $ ./configure 

## --------- ##
## Platform. ##
## --------- ##

hostname = breedx
uname -m = x86_64
uname -r = 2.6.20-rt7
uname -s = Linux
uname -v = #2 SMP PREEMPT Tue Jun 12 16:53:40 PDT 2007

/usr/bin/uname -p = unknown
/bin/uname -X     = unknown

/bin/arch              = unknown
/usr/bin/arch -k       = unknown
/usr/convex/getsysinfo = unknown
/usr/bin/hostinfo      = unknown
/bin/machine           = unknown
/usr/bin/oslevel       = unknown
/bin/universe          = unknown

PATH: ./
PATH: /home/jason/bin
PATH: /home/jason/bin
PATH: ./
PATH: /home/jason/bin
PATH: /usr/local/bin
PATH: /usr/bin
PATH: /bin
PATH: /usr/bin/X11
PATH: /usr/games


## ----------- ##
## Core tests. ##
## ----------- ##

configure:1716: checking for a BSD-compatible install
configure:1772: result: /usr/bin/install -c
configure:1783: checking whether build environment is sane
configure:1826: result: yes
configure:1891: checking for gawk
configure:1907: found /usr/bin/gawk
configure:1918: result: gawk
configure:1929: checking whether make sets $(MAKE)
configure:1950: result: yes
configure:2185: checking for gcc
configure:2201: found /usr/bin/gcc
configure:2212: result: gcc
configure:2450: checking for C compiler version
configure:2457: gcc --version >&5
gcc (GCC) 4.2.1 (Debian 4.2.1-5)
Copyright (C) 2007 Free Software Foundation, Inc.
This is free software; see the source for copying conditions.  There is NO
warranty; not even for MERCHANTABILITY or FITNESS FOR A PARTICULAR PURPOSE.

configure:2460: $? = 0
configure:2467: gcc -v >&5
Using built-in specs.
Target: x86_64-linux-gnu
Configured with: ../src/configure -v --enable-languages=c,c++,fortran,objc,obj-c++,treelang --prefix=/usr --enable-shared --with-system-zlib --libexecdir=/usr/lib --without-included-gettext --enable-threads=posix --enable-nls --with-gxx-include-dir=/usr/include/c++/4.2 --program-suffix=-4.2 --enable-clocale=gnu --enable-libstdcxx-debug --enable-mpfr --disable-werror --enable-checking=release --build=x86_64-linux-gnu --host=x86_64-linux-gnu --target=x86_64-linux-gnu
Thread model: posix
gcc version 4.2.1 (Debian 4.2.1-5)
configure:2470: $? = 0
configure:2477: gcc -V >&5
gcc: '-V' option must have argument
configure:2480: $? = 1
configure:2503: checking for C compiler default output file name
configure:2530: gcc    conftest.c  >&5
configure:2533: $? = 0
configure:2571: result: a.out
configure:2588: checking whether the C compiler works
configure:2598: ./a.out
configure:2601: $? = 0
configure:2618: result: yes
configure:2625: checking whether we are cross compiling
configure:2627: result: no
configure:2630: checking for suffix of executables
configure:2637: gcc -o conftest    conftest.c  >&5
configure:2640: $? = 0
configure:2664: result: 
configure:2670: checking for suffix of object files
configure:2696: gcc -c   conftest.c >&5
configure:2699: $? = 0
configure:2722: result: o
configure:2726: checking whether we are using the GNU C compiler
configure:2755: gcc -c   conftest.c >&5
configure:2761: $? = 0
configure:2778: result: yes
configure:2783: checking whether gcc accepts -g
configure:2813: gcc -c -g  conftest.c >&5
configure:2819: $? = 0
configure:2918: result: yes
configure:2935: checking for gcc option to accept ISO C89
configure:3009: gcc  -c -g -O2  conftest.c >&5
configure:3015: $? = 0
configure:3038: result: none needed
configure:3067: checking for style of include used by make
configure:3095: result: GNU
configure:3123: checking dependency style of gcc
configure:3213: result: gcc3
configure:3347: creating ./config.status

## ---------------------- ##
## Running config.status. ##
## ---------------------- ##

This file was extended by config.status, which was
generated by GNU Autoconf 2.61.  Invocation command line was

  CONFIG_FILES    = 
  CONFIG_HEADERS  = 
  CONFIG_LINKS    = 
  CONFIG_COMMANDS = 
  $ ./config.status 

on breedx

config.status:631: creating Makefile
config.status:631: creating src/Makefile
config.status:631: creating config.h
config.status:841: config.h is unchanged
config.status:887: executing depfiles commands

## ---------------- ##
## Cache variables. ##
## ---------------- ##

ac_cv_c_compiler_gnu=yes
ac_cv_env_CC_set=
ac_cv_env_CC_value=
ac_cv_env_CFLAGS_set=
ac_cv_env_CFLAGS_value=
ac_cv_env_CPPFLAGS_set=
ac_cv_env_CPPFLAGS_value=
ac_cv_env_LDFLAGS_set=
ac_cv_env_LDFLAGS_value=
ac_cv_env_LIBS_set=
ac_cv_env_LIBS_value=
ac_cv_env_build_alias_set=
ac_cv_env_build_alias_value=
ac_cv_env_host_alias_set=
ac_cv_env_host_alias_value=
ac_cv_env_target_alias_set=
ac_cv_env_target_alias_value=
ac_cv_objext=o
ac_cv_path_install='/usr/bin/install -c'
ac_cv_prog_AWK=gawk
ac_cv_prog_ac_ct_CC=gcc
ac_cv_prog_cc_c89=
ac_cv_prog_cc_g=yes
ac_cv_prog_make_make_set=yes
am_cv_CC_dependencies_compiler_type=gcc3

## ----------------- ##
## Output variables. ##
## ----------------- ##

ACLOCAL='${SHELL} /home/jason/prog/pd_p5/p5osc-0.02/missing --run aclocal-1.9'
AMDEPBACKSLASH='\'
AMDEP_FALSE='#'
AMDEP_TRUE=''
AMTAR='${SHELL} /home/jason/prog/pd_p5/p5osc-0.02/missing --run tar'
AUTOCONF='${SHELL} /home/jason/prog/pd_p5/p5osc-0.02/missing --run autoconf'
AUTOHEADER='${SHELL} /home/jason/prog/pd_p5/p5osc-0.02/missing --run autoheader'
AUTOMAKE='${SHELL} /home/jason/prog/pd_p5/p5osc-0.02/missing --run automake-1.9'
AWK='gawk'
CC='gcc'
CCDEPMODE='depmode=gcc3'
CFLAGS='-g -O2'
CPPFLAGS=''
CYGPATH_W='echo'
DEFS='-DHAVE_CONFIG_H'
DEPDIR='.deps'
ECHO_C=''
ECHO_N='-n'
ECHO_T=''
EXEEXT=''
INSTALL_DATA='${INSTALL} -m 644'
INSTALL_PROGRAM='${INSTALL}'
INSTALL_SCRIPT='${INSTALL}'
INSTALL_STRIP_PROGRAM='${SHELL} $(install_sh) -c -s'
LDFLAGS=''
LIBOBJS=''
LIBS=''
LTLIBOBJS=''
MAKEINFO='${SHELL} /home/jason/prog/pd_p5/p5osc-0.02/missing --run makeinfo'
OBJEXT='o'
PACKAGE='p5osc'
PACKAGE_BUGREPORT=''
PACKAGE_NAME=''
PACKAGE_STRING=''
PACKAGE_TARNAME=''
PACKAGE_VERSION=''
PATH_SEPARATOR=':'
SET_MAKE=''
SHELL='/bin/sh'
STRIP=''
VERSION='0.02'
ac_ct_CC='gcc'
am__fastdepCC_FALSE='#'
am__fastdepCC_TRUE=''
am__include='include'
am__leading_dot='.'
am__quote=''
am__tar='${AMTAR} chof - "$$tardir"'
am__untar='${AMTAR} xf -'
bindir='${exec_prefix}/bin'
build_alias=''
datadir='${datarootdir}'
datarootdir='${prefix}/share'
docdir='${datarootdir}/doc/${PACKAGE}'
dvidir='${docdir}'
exec_prefix='${prefix}'
host_alias=''
htmldir='${docdir}'
includedir='${prefix}/include'
infodir='${datarootdir}/info'
install_sh='/home/jason/prog/pd_p5/p5osc-0.02/install-sh'
libdir='${exec_prefix}/lib'
libexecdir='${exec_prefix}/libexec'
localedir='${datarootdir}/locale'
localstatedir='${prefix}/var'
mandir='${datarootdir}/man'
mkdir_p='mkdir -p --'
oldincludedir='/usr/include'
pdfdir='${docdir}'
prefix='/usr/local'
program_transform_name='s,x,x,'
psdir='${docdir}'
sbindir='${exec_prefix}/sbin'
sharedstatedir='${prefix}/com'
sysconfdir='${prefix}/etc'
target_alias=''

## ----------- ##
## confdefs.h. ##
## ----------- ##

#define PACKAGE_NAME ""
#define PACKAGE_TARNAME ""
#define PACKAGE_VERSION ""
#define PACKAGE_STRING ""
#define PACKAGE_BUGREPORT ""
#define PACKAGE "p5osc"
#define VERSION "0.02"

configure: exit 0

## ---------------------- ##
## Running config.status. ##
## ---------------------- ##

This file was extended by config.status, which was
generated by GNU Autoconf 2.61.  Invocation command line was

  CONFIG_FILES    = 
  CONFIG_HEADERS  = 
  CONFIG_LINKS    = 
  CONFIG_COMMANDS = 
  $ ./config.status config.h

on breedx

config.status:631: creating config.h
config.status:841: config.h is unchanged
